# Produced by delphy version 0.996 (build 2022, commit 33c06a8)
Sample	numMuts	posterior_for_Delphy	likelihood_really_logG	prior	treeLikelihood_really_logG	TreeHeight	clockRate	kappa	CoalescentExponential	ePopSize	growthRate	freqParameter.1	freqParameter.2	freqParameter.3	freqParameter.4	
0	5989	-213489	-150315	-63173.3	-150315	3.62385	0.001	1	-62663.7	2.73973	0	0.310972	0.181052	0.190449	0.317527	
10000000	5118	-124706	-118008	-6697.72	-118008	2.29544	0.000441396	4.4056	-6180.3	1754.56	4.09164	0.276318	0.165759	0.177093	0.380831	
20000000	5107	-123866	-117311	-6554.2	-117311	1.97293	0.000489882	4.60609	-6036.68	1802.96	4.37929	0.27766	0.170014	0.176369	0.375957	
30000000	5100	-123023	-116652	-6371.06	-116652	1.84286	0.000535598	4.43343	-5853.78	1493.23	4.49568	0.278196	0.170287	0.175314	0.376203	
40000000	5092	-122706	-116386	-6319.86	-116386	1.93436	0.000556172	4.34764	-5802.49	1662.2	4.7866	0.270872	0.1713	0.179948	0.37788	
50000000	5093	-123398	-116913	-6485.08	-116913	1.97987	0.000495615	4.60967	-5967.58	1773.75	4.48893	0.275361	0.168144	0.176427	0.380068	
60000000	5093	-122794	-116464	-6330.34	-116464	1.92386	0.000538563	4.59015	-5813.08	1395.57	4.53349	0.275752	0.169578	0.172901	0.381768	
70000000	5089	-123339	-116856	-6483.41	-116856	2.12726	0.000503627	4.59148	-5966.49	1015.49	3.76323	0.279547	0.166866	0.177492	0.376096	
80000000	5089	-123297	-116833	-6463.53	-116833	2.05318	0.000499873	4.59312	-5946.03	1766.71	4.52818	0.27962	0.167361	0.176138	0.37688	
90000000	5091	-122773	-116446	-6327.09	-116446	2.1963	0.000555062	4.69414	-5809.75	1459.33	4.53992	0.276188	0.170498	0.174124	0.37919	
100000000	5087	-123012	-116606	-6406.07	-116606	1.96046	0.000536787	4.61969	-5888.73	1504.49	4.45374	0.275613	0.170853	0.174273	0.379262	
110000000	5091	-122943	-116574	-6368.8	-116574	2.09803	0.000545228	4.75493	-5851.77	1076.74	4.07124	0.276907	0.167842	0.176754	0.378497	
120000000	5087	-122402	-116142	-6259.96	-116142	1.88805	0.000573577	4.47167	-5742.71	1424.2	4.62916	0.276812	0.170856	0.177169	0.375163	
130000000	5087	-122886	-116499	-6386.43	-116499	1.90688	0.000529356	4.40443	-5869.18	1466.77	4.45777	0.272781	0.169674	0.176115	0.381429	
140000000	5091	-122868	-116513	-6354.73	-116513	2.02758	0.000542071	4.5023	-5837.82	1022.64	4.00046	0.276018	0.169743	0.175016	0.379223	
150000000	5092	-122473	-116224	-6249.03	-116224	1.85295	0.00057466	4.48476	-5731.55	1770.27	4.93788	0.277654	0.171404	0.174273	0.376669	
160000000	5087	-122550	-116253	-6296.16	-116253	1.87872	0.000555675	4.61184	-5779.24	996.432	4.14234	0.27644	0.168154	0.179767	0.375639	
170000000	5091	-123410	-116917	-6493.01	-116917	2.11069	0.00049857	4.55764	-5975.66	1546.42	4.28853	0.277236	0.168593	0.173883	0.380287	
180000000	5082	-123620	-117054	-6565.47	-117054	1.95883	0.000459961	4.27268	-6048.16	1627.51	4.25903	0.27414	0.167034	0.176054	0.382772	
190000000	5084	-123313	-116820	-6493.19	-116820	2.00301	0.000493179	4.69859	-5975.89	1427.69	4.25638	0.2781	0.167713	0.175868	0.378319	
200000000	5088	-122920	-116538	-6382.66	-116538	2.04163	0.000538905	4.24192	-5865.79	1060.55	4.066	0.276961	0.167267	0.179097	0.376676	
210000000	5093	-122785	-116468	-6317.1	-116468	2.08106	0.00054286	4.4077	-5800.28	961.397	4.05468	0.279254	0.167073	0.175518	0.378155	
220000000	5091	-122769	-116427	-6342.17	-116427	1.9167	0.000544166	4.62605	-5825.26	986.533	4.00747	0.27678	0.168434	0.178123	0.376664	
230000000	5086	-122564	-116251	-6313.18	-116251	1.76577	0.000557207	4.51712	-5795.78	1634.02	4.76493	0.273161	0.167771	0.179761	0.379306	
240000000	5087	-122793	-116440	-6353.13	-116440	1.88008	0.000544927	4.54403	-5836.09	1142.85	4.19408	0.270529	0.171751	0.179508	0.378212	
250000000	5083	-123314	-116816	-6497.77	-116816	2.21196	0.000495644	4.53523	-5980.51	1433.74	4.25142	0.273721	0.169303	0.173444	0.383531	
260000000	5081	-122467	-116160	-6307.85	-116160	1.73393	0.000572143	4.49382	-5790.64	1353.44	4.53847	0.279221	0.168111	0.173602	0.379066	
270000000	5088	-122770	-116416	-6353.32	-116416	1.90321	0.000542947	4.58911	-5836.13	1310.48	4.35348	0.273745	0.171692	0.178415	0.376149	
280000000	5090	-122854	-116493	-6360.64	-116493	1.90889	0.000539902	4.39464	-5843.75	1041.73	4.02766	0.275183	0.169597	0.173918	0.381303	
290000000	5086	-122667	-116345	-6322.11	-116345	1.9229	0.000540451	4.65084	-5805.02	1158.33	4.26044	0.275285	0.169557	0.176537	0.378621	
300000000	5083	-122361	-116110	-6250.89	-116110	1.99626	0.00056673	4.46803	-5733.65	1411.51	4.64934	0.279632	0.164822	0.177055	0.378491	
310000000	5090	-122812	-116469	-6343.64	-116469	1.94265	0.00053796	4.48462	-5826.13	1816.19	4.86574	0.275118	0.171048	0.17526	0.378574	
320000000	5086	-122763	-116420	-6342.19	-116420	1.87924	0.000536009	4.58345	-5825.01	1292.96	4.37499	0.280643	0.171091	0.174881	0.373385	
330000000	5088	-122880	-116523	-6356.55	-116523	2.04788	0.000530611	4.50555	-5839.7	967.796	3.96557	0.276006	0.167557	0.17579	0.380648	
340000000	5087	-122839	-116471	-6367.35	-116471	2.0971	0.000551277	4.50202	-5849.96	1609.04	4.67751	0.27749	0.170863	0.174922	0.376725	
350000000	5087	-122536	-116250	-6285.73	-116250	1.76478	0.000574599	4.5031	-5768.29	1688.86	4.85496	0.275084	0.170893	0.176289	0.377733	
360000000	5081	-123005	-116573	-6431.78	-116573	1.83526	0.000516649	4.37642	-5914.51	1509.12	4.41656	0.27733	0.167773	0.17748	0.377417	
370000000	5084	-123579	-117031	-6547.96	-117031	2.12707	0.000483847	4.55007	-6030.42	1882.19	4.41286	0.277397	0.168077	0.175894	0.378631	
380000000	5084	-122720	-116374	-6345.69	-116374	1.86905	0.000553864	4.57455	-5828.57	1227.16	4.28963	0.279363	0.1664	0.175307	0.37893	
390000000	5083	-123076	-116635	-6440.32	-116635	2.12331	0.000519845	4.63427	-5922.95	1552.46	4.42168	0.276825	0.168717	0.177132	0.377326	
400000000	5082	-123115	-116667	-6448.66	-116667	2.14741	0.000508076	4.39441	-5931.48	1376.6	4.25431	0.273738	0.169451	0.175469	0.381342	
410000000	5081	-122921	-116505	-6416.67	-116505	2.1946	0.000538271	4.25814	-5899.57	1319.36	4.23157	0.279141	0.171086	0.175246	0.374528	
420000000	5084	-123065	-116627	-6438.25	-116627	1.95983	0.000524791	4.48318	-5920.75	1831.42	4.59666	0.276537	0.171964	0.178698	0.3728	
430000000	5081	-123476	-116930	-6546.25	-116930	2.22149	0.0004856	4.55848	-6029.02	1380.05	4.11703	0.276124	0.168053	0.173681	0.382142	
440000000	5085	-123015	-116607	-6407.97	-116607	1.79377	0.000532263	4.51481	-5890.58	1629.06	4.57688	0.277089	0.170051	0.177166	0.375695	
450000000	5081	-122918	-116514	-6404.46	-116514	1.89031	0.000528578	4.73649	-5887.09	1500	4.36436	0.273668	0.170827	0.17686	0.378645	
460000000	5083	-122876	-116486	-6389.25	-116486	1.96529	0.000534352	4.48744	-5871.87	1613.77	4.53729	0.275762	0.167626	0.176915	0.379698	
470000000	5081	-122727	-116374	-6352.96	-116374	2.18032	0.000540754	4.1906	-5836.23	942.735	4.01156	0.274988	0.170168	0.179166	0.375678	
480000000	5082	-122982	-116567	-6414.59	-116567	2.06241	0.000540789	4.22858	-5897.53	1283.22	4.16218	0.275637	0.169955	0.175103	0.379305	
490000000	5083	-122857	-116482	-6374.76	-116482	1.97678	0.00053133	4.73614	-5857.53	1308.87	4.30215	0.281707	0.167887	0.174929	0.375478	
500000000	5084	-122697	-116359	-6337.4	-116359	1.83382	0.000547215	4.25691	-5820.39	1210.21	4.22583	0.27377	0.170639	0.177494	0.378097	
510000000	5087	-122949	-116562	-6387.51	-116562	1.88343	0.000538481	4.29642	-5870.49	1215.58	4.24637	0.276368	0.168812	0.174639	0.380182	
520000000	5083	-123174	-116710	-6464.33	-116710	1.94498	0.000498514	4.57926	-5946.67	2064.82	4.60909	0.272915	0.167601	0.176687	0.382797	
530000000	5083	-123486	-116946	-6540.28	-116946	2.08466	0.000486418	4.58066	-6022.69	1946.75	4.52448	0.279415	0.169429	0.17251	0.378646	
540000000	5081	-122511	-116213	-6297.41	-116213	2.10367	0.000566623	4.41223	-5780.68	884.174	4.0099	0.273743	0.167828	0.181141	0.377288	
550000000	5082	-122776	-116408	-6367.26	-116408	1.78918	0.000531087	4.71969	-5849.88	1507.18	4.49723	0.275339	0.17197	0.171479	0.381211	
560000000	5085	-122483	-116186	-6296.66	-116186	1.7887	0.000570257	4.29513	-5779.33	1623.48	4.78893	0.27873	0.169521	0.173884	0.377865	
570000000	5088	-122986	-116582	-6404.01	-116582	1.98497	0.000532339	4.4991	-5887.13	1003.44	3.98378	0.277738	0.169297	0.173949	0.379016	
580000000	5092	-122986	-116598	-6388.19	-116598	2.05911	0.000525191	4.58422	-5870.72	1714.74	4.65921	0.276967	0.168309	0.177009	0.377715	
590000000	5086	-122943	-116539	-6403.69	-116539	1.85863	0.00052982	4.45565	-5886.84	979.342	3.95214	0.272992	0.16962	0.178211	0.379177	
600000000	5086	-123600	-117035	-6564.71	-117035	2.05408	0.000495117	4.45024	-6047.41	1533.05	4.18458	0.272922	0.168628	0.176641	0.381809	
610000000	5087	-122833	-116462	-6371.48	-116462	2.03721	0.000551949	4.68717	-5854.37	1174.8	4.2182	0.276971	0.169727	0.172427	0.380875	
620000000	5089	-122958	-116568	-6390.26	-116568	2.034	0.00053159	4.49518	-5873.27	1103.84	4.06409	0.274085	0.169567	0.176821	0.379528	
630000000	5084	-122257	-116043	-6214.25	-116043	1.81876	0.000595909	4.32638	-5697.15	1285.01	4.59068	0.275699	0.168032	0.178431	0.377838	
640000000	5083	-122697	-116353	-6344.84	-116353	2.01906	0.000542379	4.37912	-5827.61	1438.65	4.46672	0.277987	0.17317	0.17622	0.372623	
650000000	5086	-122371	-116124	-6246.3	-116124	1.88699	0.00058034	4.59804	-5729.16	1229.6	4.5106	0.276819	0.16646	0.175573	0.381148	
660000000	5085	-123020	-116596	-6423.47	-116596	1.83523	0.000533879	4.78749	-5906.01	1610.28	4.49122	0.279426	0.168775	0.176523	0.375276	
670000000	5084	-123206	-116744	-6461.53	-116744	2.07075	0.000503248	4.48843	-5944.19	1568.21	4.36961	0.274874	0.165802	0.174143	0.385181	
680000000	5084	-122899	-116500	-6398.99	-116500	2.06135	0.000534927	4.41851	-5881.85	1314.03	4.32549	0.273436	0.169871	0.179036	0.377656	
690000000	5085	-123158	-116705	-6453.74	-116705	1.97426	0.000508384	4.50736	-5936.58	1304.31	4.1745	0.272158	0.171069	0.177788	0.378985	
700000000	5083	-122554	-116244	-6309.51	-116244	1.9969	0.000560323	4.6062	-5792.42	1180.52	4.28774	0.273697	0.168277	0.176262	0.381764	
710000000	5082	-123324	-116831	-6492.9	-116831	2.18951	0.000494667	4.36428	-5975.48	1754.21	4.43558	0.276798	0.171029	0.178481	0.373691	
720000000	5081	-123059	-116624	-6435.23	-116624	2.03466	0.000538752	4.41088	-5918.33	1040.43	3.93821	0.273021	0.169632	0.176146	0.3812	
730000000	5088	-122605	-116310	-6295.07	-116310	1.80173	0.000556318	4.6561	-5777.83	1347.61	4.5815	0.277107	0.170441	0.175088	0.377364	
740000000	5084	-122408	-116134	-6274.01	-116134	1.89857	0.000578706	4.52225	-5757.18	944.903	4.08685	0.273357	0.168222	0.181146	0.377275	
750000000	5089	-122976	-116583	-6393.31	-116583	1.92481	0.000536985	4.64845	-5876.29	1097.16	4.02296	0.277074	0.171504	0.176047	0.375376	
760000000	5086	-123450	-116936	-6514.74	-116936	2.15778	0.000491812	4.31239	-5997.56	1410.22	4.16984	0.273902	0.171677	0.177258	0.377163	
770000000	5087	-122957	-116552	-6405.51	-116552	1.8743	0.000528751	4.37797	-5888.39	1309.89	4.30072	0.272152	0.169968	0.18049	0.37739	
780000000	5087	-122963	-116550	-6412.3	-116550	2.02782	0.00054286	4.49071	-5895.01	1488.26	4.49334	0.278833	0.167504	0.179484	0.374179	
790000000	5089	-122833	-116479	-6353.74	-116479	2.03107	0.000551263	4.4724	-5836.61	1274.88	4.339	0.280705	0.168688	0.175993	0.374614	
800000000	5088	-122939	-116548	-6390.44	-116548	1.878	0.000538388	4.36721	-5873.33	1284.42	4.28854	0.276181	0.169665	0.175511	0.378643	
810000000	5086	-122829	-116454	-6374.27	-116454	1.81975	0.000539749	4.49091	-5856.8	1763.83	4.69016	0.272763	0.166536	0.180681	0.38002	
820000000	5085	-122811	-116434	-6377.02	-116434	1.89383	0.000541573	4.58622	-5860.15	963.031	3.91712	0.275344	0.168399	0.177949	0.378307	
830000000	5082	-122637	-116304	-6332.79	-116304	1.98755	0.000552269	4.49573	-5815.6	1346.97	4.50085	0.273581	0.172012	0.178352	0.376054	
840000000	5082	-123189	-116708	-6480.82	-116708	1.95098	0.000504251	4.52288	-5963.52	1487.21	4.34344	0.277822	0.1685	0.176816	0.376863	
850000000	5087	-123280	-116800	-6480.05	-116800	2.20661	0.000516243	4.47313	-5962.81	1429.4	4.20239	0.273589	0.169907	0.175405	0.381098	
860000000	5084	-122910	-116518	-6392.26	-116518	2.07092	0.000540481	4.42325	-5875.11	1327.54	4.30453	0.271194	0.170074	0.175121	0.383611	
870000000	5083	-122757	-116398	-6358.88	-116398	1.89897	0.000533601	4.49479	-5841.76	1254.71	4.25731	0.278428	0.168397	0.17673	0.376445	
880000000	5085	-122948	-116544	-6404.27	-116544	2.16708	0.000535515	4.43566	-5887	1471.83	4.39409	0.276886	0.173168	0.17394	0.376006	
890000000	5088	-122745	-116396	-6349.17	-116396	2.004	0.000556694	4.47192	-5832.06	1241.88	4.35137	0.275807	0.167417	0.176905	0.379871	
900000000	5085	-123092	-116651	-6440.84	-116651	1.95349	0.000527299	4.48909	-5923.62	1399.67	4.32384	0.275149	0.171272	0.175406	0.378173	
910000000	5088	-122809	-116449	-6360.1	-116449	1.86803	0.000553553	4.41694	-5842.89	1404.92	4.45362	0.276105	0.170607	0.174627	0.378661	
920000000	5081	-122779	-116396	-6382.73	-116396	1.80265	0.000548216	4.55387	-5865.55	1302.95	4.31036	0.278001	0.170996	0.175482	0.375521	
930000000	5079	-122697	-116326	-6370.64	-116326	1.77878	0.000550917	4.41094	-5853.47	1346.85	4.37477	0.278903	0.167851	0.178735	0.374512	
940000000	5085	-122949	-116542	-6406.89	-116542	2.01719	0.000525522	4.29916	-5889.92	1148.25	4.0659	0.273011	0.167054	0.178721	0.381214	
950000000	5083	-122912	-116514	-6398.44	-116514	1.97267	0.000516118	4.59129	-5881.32	1218.87	4.22512	0.272832	0.167617	0.177727	0.381824	
960000000	5090	-122665	-116354	-6311.41	-116354	2.04181	0.00056913	4.61414	-5794.04	1529.84	4.63986	0.27549	0.169116	0.176171	0.379223	
970000000	5085	-122549	-116253	-6295.63	-116253	1.76504	0.000554063	4.67769	-5778.42	1303.06	4.51357	0.276384	0.165416	0.177901	0.380299	
980000000	5087	-122536	-116241	-6294.81	-116241	2.03608	0.000560625	4.67895	-5777.53	1381.9	4.61086	0.27569	0.170666	0.175625	0.378019	
990000000	5089	-123113	-116681	-6431.73	-116681	1.90153	0.000520844	4.53345	-5914.19	1879.82	4.69172	0.274184	0.167896	0.178808	0.379112	
1000000000	5084	-122554	-116248	-6306.06	-116248	2.02439	0.00055915	4.40439	-5789.02	1190.7	4.31463	0.277064	0.168076	0.176891	0.377969	
1010000000	5086	-123240	-116784	-6456.36	-116784	2.26258	0.000508003	4.20998	-5939.24	1368.76	4.22055	0.276699	0.162425	0.17519	0.385686	
1020000000	5089	-122888	-116509	-6379.6	-116509	2.05238	0.000547104	4.53472	-5862.66	1035.29	4.09107	0.273782	0.171909	0.175874	0.378434	
1030000000	5085	-122728	-116383	-6344.72	-116383	1.86671	0.000550062	4.42957	-5827.6	1276.68	4.38519	0.275936	0.169431	0.178026	0.376606	
1040000000	5084	-122929	-116530	-6399.22	-116530	1.89981	0.000535056	4.53661	-5881.77	1710.2	4.61792	0.276719	0.170951	0.174473	0.377856	
1050000000	5080	-123022	-116584	-6438.03	-116584	2.01481	0.000520048	4.56843	-5920.77	1407.64	4.31227	0.278941	0.1667	0.176417	0.377942	
1060000000	5086	-122869	-116502	-6367.46	-116502	2.13663	0.000537497	4.32741	-5850.64	983.622	4.02078	0.273861	0.171036	0.177987	0.377116	
1070000000	5084	-122424	-116141	-6283.18	-116141	1.85519	0.000563132	4.49346	-5765.75	1676.26	4.80019	0.277159	0.164556	0.174961	0.383324	
1080000000	5090	-122595	-116297	-6297.62	-116297	1.96636	0.000577541	4.60414	-5780.69	1013.42	4.14829	0.278564	0.170393	0.175699	0.375344	
1090000000	5084	-123053	-116625	-6427.86	-116625	1.86942	0.00050753	4.5718	-5910.62	1381.51	4.3015	0.273985	0.167461	0.17995	0.378604	
1100000000	5087	-122875	-116500	-6374.37	-116500	2.04745	0.000531478	4.39015	-5857.24	1305.03	4.31491	0.276103	0.167155	0.180881	0.375861	
1110000000	5081	-122570	-116263	-6306.47	-116263	2.08201	0.000550325	4.43627	-5789.24	1423.81	4.51796	0.275051	0.167706	0.175209	0.382034	
1120000000	5086	-122597	-116299	-6298.01	-116299	1.86987	0.000548726	4.57915	-5780.54	1709.25	4.82229	0.277276	0.171975	0.174304	0.376445	
1130000000	5085	-122697	-116352	-6344.84	-116352	1.7912	0.000549015	4.498	-5827.66	1327.01	4.44102	0.273896	0.170166	0.176826	0.379112	
1140000000	5081	-122693	-116343	-6350.16	-116343	2.03352	0.000569034	4.58683	-5832.66	1771.95	4.7614	0.278476	0.168456	0.172285	0.380783	
1150000000	5089	-123005	-116601	-6404.1	-116601	1.98508	0.000529949	4.35469	-5886.59	1899.62	4.71634	0.272794	0.170776	0.174358	0.382072	
1160000000	5079	-122415	-116130	-6285.08	-116130	1.85983	0.000562273	4.42211	-5767.78	1503.03	4.70474	0.271328	0.170698	0.177118	0.380856	
1170000000	5084	-122721	-116382	-6339.46	-116382	1.96728	0.000549236	4.49078	-5822.06	1641.31	4.68679	0.276743	0.169254	0.171819	0.382183	
1180000000	5084	-123045	-116623	-6421.95	-116623	2.03263	0.000525671	4.53193	-5904.86	1206.65	4.1186	0.278527	0.163518	0.17782	0.380135	
1190000000	5080	-123003	-116569	-6433.91	-116569	2.15162	0.000525374	4.45518	-5916.95	1090.63	4.0255	0.276755	0.169034	0.175055	0.379156	
1200000000	5087	-122756	-116398	-6357.76	-116398	1.8578	0.000544052	4.68904	-5840.67	1151.26	4.22234	0.275532	0.172257	0.171322	0.380889	
1210000000	5083	-123052	-116621	-6431.52	-116621	2.12865	0.000520978	4.42458	-5914.24	1488.1	4.353	0.27473	0.166734	0.17979	0.378746	
1220000000	5083	-123031	-116603	-6427.48	-116603	1.96978	0.000520217	4.6499	-5910.28	1304.98	4.2377	0.273768	0.170321	0.179022	0.37689	
1230000000	5083	-122785	-116418	-6366.98	-116418	2.00318	0.000535196	4.53354	-5849.74	1387.27	4.43077	0.275558	0.167471	0.176822	0.38015	
1240000000	5086	-123458	-116949	-6509.28	-116949	2.151	0.00048623	4.5131	-5992.01	1458.56	4.18473	0.274573	0.170963	0.176838	0.377627	
1250000000	5086	-123027	-116602	-6425.15	-116602	2.08001	0.000523863	4.40852	-5908	1323.46	4.28009	0.275957	0.166941	0.175352	0.38175	
1260000000	5085	-123180	-116734	-6446.38	-116734	2.21974	0.000509812	4.41118	-5929.22	1342.19	4.20009	0.276087	0.173499	0.177624	0.372791	
1270000000	5080	-122704	-116341	-6363.83	-116341	1.89515	0.000545047	4.46063	-5846.64	1359.81	4.43863	0.274467	0.170236	0.178641	0.376656	
1280000000	5079	-122762	-116386	-6376.42	-116386	1.79058	0.000533561	4.39093	-5859.49	1074.67	4.13685	0.278682	0.166655	0.177507	0.377155	
1290000000	5086	-122874	-116485	-6389.14	-116485	2.02274	0.000545553	4.44853	-5871.72	1694.27	4.6539	0.274515	0.17091	0.175247	0.379328	
1300000000	5080	-123001	-116567	-6434.21	-116567	1.90956	0.000516347	4.61799	-5916.54	2058.23	4.80525	0.279938	0.168715	0.176858	0.374489	
1310000000	5087	-122762	-116414	-6347.88	-116414	1.97155	0.000542847	4.46578	-5830.42	1764.37	4.73003	0.276	0.166709	0.179322	0.37797	
1320000000	5085	-122861	-116483	-6378.05	-116483	1.90071	0.000522152	4.28946	-5861.51	767.694	3.68224	0.27437	0.170738	0.17808	0.376812	
1330000000	5083	-122991	-116571	-6420.01	-116571	1.93632	0.000535106	4.2742	-5902.78	1496.16	4.38098	0.27908	0.168743	0.177042	0.375134	
1340000000	5077	-122392	-116102	-6290.08	-116102	2.03039	0.000562502	4.47858	-5773.03	1176.34	4.31723	0.275036	0.1697	0.177145	0.378119	
1350000000	5082	-122750	-116387	-6362.66	-116387	1.89665	0.000552104	4.59464	-5845.2	1698.31	4.65662	0.273752	0.171645	0.174624	0.379979	
1360000000	5083	-122998	-116574	-6423.71	-116574	1.90118	0.00052539	4.24088	-5906.3	1795.09	4.63346	0.279902	0.16707	0.177118	0.37591	
1370000000	5082	-122832	-116455	-6377.38	-116455	1.98061	0.000526837	4.49167	-5860.08	1484.12	4.49401	0.280167	0.167856	0.174332	0.377646	
1380000000	5081	-122487	-116187	-6300.11	-116187	2.03945	0.000564469	4.63476	-5782.79	1445.09	4.66973	0.279602	0.168889	0.173474	0.378035	
1390000000	5081	-122845	-116451	-6393.99	-116451	1.95538	0.00053309	4.46607	-5877.06	1057.85	3.98122	0.276573	0.171428	0.177437	0.374562	
1400000000	5085	-122862	-116478	-6384.28	-116478	2.11622	0.000524797	4.5507	-5867.41	980.888	3.81926	0.275473	0.170216	0.175574	0.378737	
1410000000	5083	-123103	-116658	-6444.71	-116658	2.13986	0.000509818	4.36808	-5927.42	1534.27	4.44873	0.279551	0.172088	0.175709	0.372652	
1420000000	5080	-122349	-116084	-6265.85	-116084	1.93654	0.000577484	4.39398	-5748.68	1360.03	4.5104	0.273766	0.170596	0.175512	0.380126	
1430000000	5080	-122328	-116067	-6261.12	-116067	1.79458	0.00058182	4.5017	-5743.96	1295.65	4.46681	0.277113	0.166663	0.17557	0.380654	
1440000000	5085	-122557	-116258	-6299.06	-116258	1.98812	0.000554717	4.57266	-5781.76	1447.93	4.55891	0.275598	0.168274	0.175883	0.380245	
1450000000	5084	-122807	-116444	-6363.28	-116444	2.00987	0.000541134	4.3289	-5846.21	1253	4.30975	0.271785	0.171303	0.176985	0.379927	
1460000000	5087	-123126	-116684	-6442.11	-116684	2.11392	0.000524773	4.24501	-5925.23	1077.94	3.99589	0.279581	0.1679	0.176277	0.376242	
1470000000	5083	-122765	-116395	-6369.65	-116395	1.85637	0.000555405	4.82373	-5852.73	944.022	3.99295	0.271411	0.17223	0.176177	0.380182	
1480000000	5081	-122946	-116551	-6394.87	-116551	1.9296	0.00051372	4.54756	-5877.59	1443.01	4.41035	0.275494	0.171415	0.175849	0.377242	
1490000000	5081	-122919	-116515	-6403.99	-116515	1.86514	0.000524516	4.44589	-5886.64	1585.14	4.49175	0.276959	0.167864	0.180536	0.374641	
1500000000	5083	-122730	-116372	-6358.02	-116372	2.04719	0.000539255	4.55461	-5840.97	1147.07	4.23675	0.279522	0.166287	0.175684	0.378507	
1510000000	5079	-122813	-116418	-6395.15	-116418	1.87738	0.000544135	4.28537	-5878.18	1160	4.14779	0.273542	0.171844	0.176475	0.378139	
1520000000	5078	-122525	-116206	-6318.8	-116206	1.80377	0.000553744	4.445	-5801.32	1807.25	4.80951	0.270882	0.170502	0.178675	0.37994	
1530000000	5082	-123045	-116597	-6447.26	-116597	1.91109	0.000520194	4.44988	-5930.21	1193.34	4.05543	0.276653	0.169035	0.180462	0.373851	
1540000000	5081	-122759	-116392	-6366.13	-116392	2.01967	0.000543939	4.54859	-5848.87	1418.14	4.46167	0.278482	0.170612	0.176456	0.37445	
1550000000	5088	-123157	-116726	-6431.21	-116726	2.05777	0.000504769	4.41581	-5914.23	1124.31	4.03474	0.276101	0.165703	0.180942	0.377253	
1560000000	5084	-122907	-116518	-6388.96	-116518	2.16079	0.000533868	4.53317	-5871.82	1267.53	4.23369	0.277617	0.174397	0.173504	0.374482	
1570000000	5080	-122603	-116271	-6332.27	-116271	1.71185	0.000546321	4.35603	-5815.13	1327.52	4.43831	0.277526	0.168756	0.17525	0.378468	
1580000000	5082	-123507	-116958	-6549.05	-116958	2.1417	0.00047845	4.47992	-6031.86	1369.13	4.0472	0.275471	0.167066	0.1798	0.377663	
1590000000	5084	-122689	-116346	-6342.19	-116346	1.83032	0.000552624	4.58732	-5824.88	1465.55	4.59507	0.280145	0.165556	0.176165	0.378134	
1600000000	5088	-123136	-116691	-6444.61	-116691	2.16283	0.00051568	4.54644	-5927.25	1567.81	4.48021	0.276446	0.168281	0.177897	0.377375	
1610000000	5082	-123005	-116574	-6430.29	-116574	2.13585	0.000506202	4.3228	-5913.14	1366.56	4.24377	0.27427	0.169587	0.175189	0.380954	
1620000000	5084	-122843	-116467	-6376.23	-116467	2.08414	0.000538545	4.42235	-5859.43	936.988	3.94206	0.277104	0.1717	0.174308	0.376889	
1630000000	5081	-122920	-116498	-6422.07	-116498	1.9992	0.000517774	4.45447	-5904.9	1333.97	4.23656	0.278576	0.169769	0.177651	0.374005	
1640000000	5085	-122535	-116245	-6290.31	-116245	2.00534	0.000551993	4.45664	-5773.43	1000.27	4.11622	0.277804	0.171837	0.173286	0.377072	
1650000000	5090	-122777	-116443	-6333.56	-116443	1.93356	0.000556671	4.45334	-5816.08	1789.02	4.83116	0.277501	0.169557	0.174435	0.378506	
1660000000	5084	-122262	-116029	-6232.62	-116029	1.89043	0.000593343	4.81547	-5715.31	1360.92	4.64802	0.275849	0.167545	0.176275	0.380331	
1670000000	5084	-122990	-116579	-6410.47	-116579	1.9248	0.000536041	4.44454	-5893.29	1346.14	4.32759	0.278641	0.167133	0.176417	0.377808	
1680000000	5092	-123219	-116781	-6437.7	-116781	2.19327	0.000509129	4.68969	-5920.18	1753.4	4.56651	0.274539	0.169261	0.176174	0.380026	
1690000000	5084	-122773	-116410	-6362.86	-116410	1.78215	0.00053838	4.66595	-5845.61	1348.44	4.42596	0.281781	0.169757	0.175328	0.373134	
1700000000	5082	-122688	-116333	-6354.68	-116333	1.90761	0.000532579	4.58219	-5837.53	1271.84	4.29663	0.274409	0.168295	0.177112	0.380184	
1710000000	5084	-123089	-116650	-6439.65	-116650	1.88272	0.000514613	4.24598	-5922.52	1365.35	4.28377	0.269138	0.17343	0.176615	0.380817	
1720000000	5084	-122421	-116149	-6271.91	-116149	1.98447	0.000568924	4.6553	-5754.92	1050.66	4.24775	0.277704	0.165589	0.175418	0.381289	
1730000000	5084	-122759	-116390	-6368.9	-116390	2.20935	0.000550073	4.37587	-5851.63	1493.13	4.57625	0.273596	0.166782	0.175859	0.383763	
1740000000	5084	-123160	-116697	-6463.29	-116697	1.91386	0.000515833	4.2856	-5945.47	2625.58	5.02385	0.27842	0.168979	0.172395	0.380206	
1750000000	5083	-122532	-116246	-6285.54	-116246	1.85028	0.000559106	4.32796	-5768.33	1431.21	4.61227	0.276863	0.16992	0.175554	0.377663	
1760000000	5085	-122592	-116276	-6316.09	-116276	1.96521	0.000565742	4.30219	-5798.96	1324.08	4.48943	0.275836	0.168082	0.180346	0.375736	
1770000000	5084	-122590	-116277	-6313.32	-116277	1.77463	0.000573435	4.47732	-5796.28	1164.67	4.24462	0.275609	0.168725	0.175716	0.37995	
1780000000	5085	-122523	-116240	-6283.16	-116240	1.96531	0.000560238	4.39752	-5766.15	1150.25	4.35814	0.273896	0.170608	0.178281	0.377216	
1790000000	5084	-123110	-116679	-6430.77	-116679	2.16274	0.00049333	4.48162	-5913.72	1185.67	4.10756	0.273891	0.171865	0.174708	0.379535	
1800000000	5083	-122544	-116249	-6295.18	-116249	1.96176	0.000561726	4.57976	-5778.02	1270.92	4.4753	0.277471	0.16813	0.176202	0.378197	
1810000000	5085	-122050	-115878	-6172.35	-115878	1.87043	0.000599763	4.1923	-5655.43	1112.67	4.51233	0.272547	0.173594	0.178092	0.375768	
1820000000	5080	-122552	-116235	-6316.27	-116235	1.91044	0.000583716	4.38726	-5799.22	1197.66	4.31269	0.279659	0.164664	0.177819	0.377858	
1830000000	5089	-122778	-116431	-6347.01	-116431	1.88131	0.000556118	4.59238	-5829.9	1207.25	4.25787	0.273196	0.168018	0.179092	0.379694	
1840000000	5087	-122304	-116066	-6237.9	-116066	1.88695	0.000593403	4.52721	-5720.48	1647.81	4.88507	0.273137	0.16725	0.176859	0.382754	
1850000000	5086	-123041	-116619	-6421.86	-116619	2.09339	0.000519537	4.29396	-5904.73	1351.78	4.31012	0.274329	0.170226	0.174059	0.381386	
1860000000	5082	-122816	-116434	-6381.98	-116434	2.03187	0.000525885	4.37478	-5864.58	1701.02	4.633	0.278009	0.16843	0.174858	0.378704	
1870000000	5083	-123008	-116583	-6425.07	-116583	2.0047	0.000532394	4.67408	-5907.9	1260.66	4.1421	0.275077	0.170605	0.173862	0.380457	
1880000000	5083	-122735	-116369	-6366.22	-116369	1.7766	0.000568826	4.61513	-5849.52	803.568	3.75789	0.274581	0.172481	0.174609	0.378329	
1890000000	5084	-122851	-116473	-6377.57	-116473	1.92892	0.000542562	4.64456	-5860.55	1093.71	4.12659	0.271097	0.174229	0.176925	0.377748	
1900000000	5082	-122453	-116179	-6274.09	-116179	1.8229	0.000552461	4.47476	-5756.84	1420.84	4.64629	0.281405	0.164946	0.175639	0.378009	
1910000000	5084	-123075	-116645	-6429.88	-116645	1.94948	0.000525555	4.28597	-5912.78	1318.71	4.22632	0.274216	0.170036	0.178154	0.377594	
1920000000	5079	-122463	-116154	-6308.35	-116154	1.77179	0.000575936	4.53266	-5791.3	1156.83	4.36573	0.279528	0.17095	0.173356	0.376166	
1930000000	5083	-122347	-116085	-6262.16	-116085	1.89903	0.000570665	4.28549	-5745.38	950.904	4.07604	0.277236	0.169273	0.174237	0.379254	
1940000000	5085	-122424	-116160	-6264.39	-116160	1.95172	0.000584262	4.34115	-5747.49	1046.43	4.28556	0.277701	0.170971	0.176479	0.374849	
1950000000	5080	-122982	-116555	-6426.64	-116555	2.05221	0.000518768	4.60391	-5909.31	1496.27	4.43358	0.27451	0.169269	0.176575	0.379646	
1960000000	5082	-123086	-116639	-6447.2	-116639	1.86619	0.000508119	4.3587	-5930.24	1129.95	3.98949	0.273024	0.169498	0.177542	0.379935	
1970000000	5084	-122465	-116183	-6281.68	-116183	1.93859	0.000567585	4.42093	-5764.53	1301.94	4.5272	0.278252	0.168703	0.175847	0.377199	
1980000000	5087	-122617	-116307	-6309.84	-116307	1.85218	0.000563294	4.63448	-5792.47	1538	4.6228	0.275392	0.169604	0.178971	0.376034	
1990000000	5083	-122410	-116145	-6264.57	-116145	1.86054	0.000583382	4.6084	-5747.45	1211.8	4.49476	0.273064	0.169167	0.179023	0.378745	
2000000000	5082	-122615	-116295	-6320.49	-116295	2.04453	0.000547329	4.57286	-5802.95	1828.38	4.83248	0.27892	0.167665	0.175967	0.377449	
2010000000	5088	-123136	-116698	-6437.99	-116698	1.95964	0.000528784	4.33242	-5920.94	1230.28	4.17556	0.274075	0.166988	0.177448	0.381489	
